<?xml version="1.0" encoding="UTF-8"?>
<!-- Generated by org.testng.reporters.JUnitXMLReporter -->
<testsuite ignored="0" hostname="WINCTRL-TQLRVFK" failures="0" tests="3" name="Firefoxbrowser" time="24.163" errors="0" timestamp="2022-06-04T11:45:50 IST">
  <testcase classname="maven.testclass" name="@BeforeMethod loginApplication" time="7.275">
    <failure type="java.lang.Error" message="Unresolved compilation problem: 
	WorkbookFactory cannot be resolved
">
      <![CDATA[java.lang.Error: Unresolved compilation problem: 
WorkbookFactory cannot be resolved

at maven.utlityclass.ExcelfileHandle(utlityclass.java:42)
at maven.testclass.loginApplication(testclass.java:72)
at java.base/java.util.concurrent.ThreadPoolExecutor.runWorker(ThreadPoolExecutor.java:1136)
at java.base/java.util.concurrent.ThreadPoolExecutor$Worker.run(ThreadPoolExecutor.java:635)
at java.base/java.lang.Thread.run(Thread.java:833)
... Removed 16 stack frames]]>
    </failure>
  </testcase> <!-- @BeforeMethod loginApplication -->
  <testcase classname="maven.testclass" name="@AfterMethod screenshotcapture" time="0.0">
    <skipped/>
  </testcase> <!-- @AfterMethod screenshotcapture -->
  <testcase classname="maven.testclass" name="@BeforeMethod loginApplication" time="0.0">
    <skipped/>
  </testcase> <!-- @BeforeMethod loginApplication -->
  <testcase classname="maven.testclass" name="@AfterMethod screenshotcapture" time="0.0">
    <skipped/>
  </testcase> <!-- @AfterMethod screenshotcapture -->
  <testcase classname="maven.testclass" name="@AfterClass closeapp" time="0.0">
    <skipped/>
  </testcase> <!-- @AfterClass closeapp -->
  <testcase classname="maven.Annutation" name="test" time="0.006"/>
  <testcase classname="maven.testclass" name="testtitle" time="0.0">
    <skipped/>
  </testcase> <!-- testtitle -->
  <testcase classname="maven.testclass" name="testvalidateurl" time="0.0">
    <skipped/>
  </testcase> <!-- testvalidateurl -->
</testsuite> <!-- Firefoxbrowser -->
